number,value,params_bb_dev,params_bb_window,params_ema_period,user_attrs_cagr,user_attrs_final_nav,user_attrs_max_dd,user_attrs_n_trades,user_attrs_sharpe,user_attrs_total_ret,user_attrs_vol,user_attrs_win_rate
127,1.48479776021904,3.25,75,950,0.3088202875533492,217.01864061022994,-0.1377007520757017,57.0,1.48479776021904,1.1701864061022995,0.19390698719913854,42.10526315789473
128,1.324782228512038,3.0,65,1050,0.27824885739000305,202.74272888908138,-0.2057960427658405,80.0,1.324782228512038,1.0274272888908138,0.20046628409600772,36.25
129,1.6534064232041468,3.0,80,850,0.36267635685693134,243.7339514390985,-0.15288573993437946,62.0,1.6534064232041468,1.437339514390985,0.19914303250936757,41.935483870967744
130,1.525306237614224,3.0,70,1100,0.33235022592583063,228.44192139031213,-0.16724999928165066,70.0,1.525306237614224,1.2844192139031212,0.20141433443431683,44.285714285714285
131,1.4886753109351598,2.75,80,900,0.35096666972821455,237.75261707065465,-0.16214656198579266,79.0,1.4886753109351598,1.3775261707065467,0.21803802270400116,41.77215189873418
132,1.7312635609851226,2.75,85,950,0.4192543813056979,274.0190440792643,-0.13042065943924197,74.0,1.7312635609851226,1.740190440792643,0.21566587981043384,41.891891891891895
133,1.7071765149187357,3.0,85,1000,0.3821044866439156,253.87301607043528,-0.15649073591762458,59.0,1.7071765149187357,1.5387301607043526,0.20142925175215487,42.3728813559322
134,1.7071765149187357,3.0,85,1000,0.3821044866439156,253.87301607043528,-0.15649073591762458,59.0,1.7071765149187357,1.5387301607043526,0.20142925175215487,42.3728813559322
135,1.7071765149187357,3.0,85,1000,0.3821044866439156,253.87301607043528,-0.15649073591762458,59.0,1.7071765149187357,1.5387301607043526,0.20142925175215487,42.3728813559322
136,0.8811349089949396,3.25,150,1000,0.1652871496226722,155.33173047217102,-0.2246689812686759,38.0,0.8811349089949396,0.5533173047217101,0.1952579312278162,42.10526315789473
137,1.70657196485868,3.0,80,1000,0.3813118696591957,253.45408169295948,-0.13543017832688994,63.0,1.70657196485868,1.5345408169295949,0.2011295396419138,42.857142857142854
138,1.70657196485868,3.0,80,1000,0.3813118696591957,253.45408169295948,-0.13543017832688994,63.0,1.70657196485868,1.5345408169295949,0.2011295396419138,42.857142857142854
139,1.753356057735124,3.0,75,900,0.3992452241182789,263.0435637357449,-0.14473073904406966,66.0,1.753356057735124,1.630435637357449,0.20338386625971502,45.45454545454545
140,1.44422247200399,3.25,65,850,0.28769140126156767,207.08453074887686,-0.1754919810253727,62.0,1.44422247200399,1.0708453074887685,0.18721191895368544,38.70967741935484
141,1.753356057735124,3.0,75,900,0.3992452241182789,263.0435637357449,-0.14473073904406966,66.0,1.753356057735124,1.630435637357449,0.20338386625971502,45.45454545454545
142,1.595715472482357,3.0,70,900,0.3526046294741514,238.58346102189,-0.16724999928165069,71.0,1.595715472482357,1.3858346102188999,0.20206516173537284,43.66197183098591
143,1.753356057735124,3.0,75,900,0.3992452241182789,263.0435637357449,-0.14473073904406966,66.0,1.753356057735124,1.630435637357449,0.20338386625971502,45.45454545454545
144,1.4151716088407362,2.75,75,800,0.32050511857756114,222.643573948271,-0.17776008349400627,79.0,1.4151716088407362,1.2264357394827101,0.21239050684101074,44.303797468354425
145,1.753356057735124,3.0,75,900,0.3992452241182789,263.0435637357449,-0.14473073904406966,66.0,1.753356057735124,1.630435637357449,0.20338386625971502,45.45454545454545
146,1.595715472482357,3.0,70,900,0.3526046294741514,238.58346102189,-0.16724999928165069,71.0,1.595715472482357,1.3858346102188999,0.20206516173537284,43.66197183098591
147,1.0349127608979034,2.75,60,850,0.21725677766617824,176.12255124898914,-0.18933308737531643,100.0,1.0349127608979034,0.7612255124898915,0.21159810676544183,34.0
148,1.6657031190231457,3.0,75,800,0.37205707306285274,248.5958476336526,-0.14609135948146695,67.0,1.6657031190231457,1.485958476336526,0.20215916645288834,43.28358208955223
149,1.51858391747658,3.25,65,900,0.3097900753445286,217.48191361710943,-0.17549198102537275,62.0,1.51858391747658,1.1748191361710942,0.18953589640498117,40.32258064516129
